#
# There is insufficient memory for the Java Runtime Environment to continue.
# Native memory allocation (mmap) failed to map 27262976 bytes for G1 virtual space
# Possible reasons:
#   The system is out of physical RAM or swap space
#   The process is running with CompressedOops enabled, and the Java Heap may be blocking the growth of the native heap
# Possible solutions:
#   Reduce memory load on the system
#   Increase physical memory or swap space
#   Check if swap backing store is full
#   Decrease Java heap size (-Xmx/-Xms)
#   Decrease number of Java threads
#   Decrease Java thread stack sizes (-Xss)
#   Set larger code cache with -XX:ReservedCodeCacheSize=
#   JVM is running with Unscaled Compressed Oops mode in which the Java heap is
#     placed in the first 4GB address space. The Java Heap base address is the
#     maximum limit for the native heap growth. Please use -XX:HeapBaseMinAddress
#     to set the Java Heap base and to place the Java Heap above 4GB virtual address.
# This output file may be truncated or incomplete.
#
#  Out of Memory Error (os_windows.cpp:3530), pid=712, tid=10356
#
# JRE version: OpenJDK Runtime Environment (18.0+36) (build 18+36-2087)
# Java VM: OpenJDK 64-Bit Server VM (18+36-2087, mixed mode, emulated-client, sharing, tiered, compressed oops, compressed class ptrs, g1 gc, windows-amd64)
# No core dump will be written. Minidumps are not enabled by default on client versions of Windows
#

---------------  S U M M A R Y ------------

Command Line: -XX:TieredStopAtLevel=1 -Xverify:none -Dspring.output.ansi.enabled=always -Dcom.sun.management.jmxremote -Dspring.jmx.enabled=true -Dspring.liveBeansView.mbeanDomain -Dspring.application.admin.enabled=true -javaagent:E:\Apps\IntelliJ IDEA 2021.3.3\lib\idea_rt.jar=57680:E:\Apps\IntelliJ IDEA 2021.3.3\bin -Dfile.encoding=UTF-8 com.example.backend.BackendApplication

Host: AMD Ryzen 5 3550H with Radeon Vega Mobile Gfx  , 8 cores, 5G,  Windows 10 , 64 bit Build 19041 (10.0.19041.1645)
Time: Thu Apr 28 23:42:48 2022 W. Central Africa Standard Time elapsed time: 4.865425 seconds (0d 0h 0m 4s)

---------------  T H R E A D  ---------------

Current thread (0x0000022277ef6520):  VMThread "VM Thread" [stack: 0x0000008fcc800000,0x0000008fcc900000] [id=10356]

Stack: [0x0000008fcc800000,0x0000008fcc900000]
Native frames: (J=compiled Java code, j=interpreted, Vv=VM code, C=native code)
V  [jvm.dll+0x69804a]
V  [jvm.dll+0x7f308d]
V  [jvm.dll+0x7f499e]
V  [jvm.dll+0x7f5053]
V  [jvm.dll+0x25ca3f]
V  [jvm.dll+0x694f99]
V  [jvm.dll+0x689aca]
V  [jvm.dll+0x321efb]
V  [jvm.dll+0x3298d6]
V  [jvm.dll+0x37e47e]
V  [jvm.dll+0x37e6af]
V  [jvm.dll+0x2f9c7a]
V  [jvm.dll+0x2f9d27]
V  [jvm.dll+0x33e262]
V  [jvm.dll+0x33c804]
V  [jvm.dll+0x2f9450]
V  [jvm.dll+0x33bddb]
V  [jvm.dll+0x7f9e3b]
V  [jvm.dll+0x7fabd4]
V  [jvm.dll+0x7fb10c]
V  [jvm.dll+0x7fb564]
V  [jvm.dll+0x7fb627]
V  [jvm.dll+0x79fbba]
V  [jvm.dll+0x696ef5]
C  [ucrtbase.dll+0x21bb2]
C  [KERNEL32.DLL+0x17034]
C  [ntdll.dll+0x52651]

VM_Operation (0x0000008fcc2fcb70): G1CollectForAllocation, mode: safepoint, requested by thread 0x0000022267282530


---------------  P R O C E S S  ---------------

Threads class SMR info:
_java_thread_list=0x000002227d735210, length=26, elements={
0x0000022267282530, 0x0000022277efbcd0, 0x0000022277efd0d0, 0x0000022277f15770,
0x0000022277f163d0, 0x0000022277f17170, 0x0000022277f17b10, 0x0000022277f1a4c0,
0x0000022277f1d6c0, 0x0000022277eec0d0, 0x000002227c139460, 0x000002227c13a380,
0x000002227c4fc9b0, 0x000002227c4fd470, 0x000002227c65b010, 0x000002227c683030,
0x000002227c790a60, 0x000002227c78ca80, 0x000002227d84a620, 0x000002227d8c31a0,
0x000002227d8c3660, 0x000002227d91ec50, 0x000002227d6e8280, 0x000002227d6e78e0,
0x000002227d6e7410, 0x000002227d6e7db0
}

Java Threads: ( => current thread )
  0x0000022267282530 JavaThread "main" [_thread_blocked, id=10152, stack(0x0000008fcc200000,0x0000008fcc300000)]
  0x0000022277efbcd0 JavaThread "Reference Handler" daemon [_thread_blocked, id=16968, stack(0x0000008fcc900000,0x0000008fcca00000)]
  0x0000022277efd0d0 JavaThread "Finalizer" daemon [_thread_blocked, id=2288, stack(0x0000008fcca00000,0x0000008fccb00000)]
  0x0000022277f15770 JavaThread "Signal Dispatcher" daemon [_thread_blocked, id=3960, stack(0x0000008fccb00000,0x0000008fccc00000)]
  0x0000022277f163d0 JavaThread "Attach Listener" daemon [_thread_blocked, id=9316, stack(0x0000008fccc00000,0x0000008fccd00000)]
  0x0000022277f17170 JavaThread "Service Thread" daemon [_thread_blocked, id=3308, stack(0x0000008fccd00000,0x0000008fcce00000)]
  0x0000022277f17b10 JavaThread "Monitor Deflation Thread" daemon [_thread_blocked, id=15408, stack(0x0000008fcce00000,0x0000008fccf00000)]
  0x0000022277f1a4c0 JavaThread "C1 CompilerThread0" daemon [_thread_blocked, id=12124, stack(0x0000008fccf00000,0x0000008fcd000000)]
  0x0000022277f1d6c0 JavaThread "Sweeper thread" daemon [_thread_blocked, id=6576, stack(0x0000008fcd000000,0x0000008fcd100000)]
  0x0000022277eec0d0 JavaThread "Common-Cleaner" daemon [_thread_blocked, id=10952, stack(0x0000008fcd100000,0x0000008fcd200000)]
  0x000002227c139460 JavaThread "C1 CompilerThread1" daemon [_thread_blocked, id=1660, stack(0x0000008fcd200000,0x0000008fcd300000)]
  0x000002227c13a380 JavaThread "C1 CompilerThread2" daemon [_thread_blocked, id=11348, stack(0x0000008fcd300000,0x0000008fcd400000)]
  0x000002227c4fc9b0 JavaThread "Monitor Ctrl-Break" daemon [_thread_in_native, id=14848, stack(0x0000008fcd400000,0x0000008fcd500000)]
  0x000002227c4fd470 JavaThread "Notification Thread" daemon [_thread_blocked, id=7944, stack(0x0000008fcd500000,0x0000008fcd600000)]
  0x000002227c65b010 JavaThread "RMI TCP Accept-0" daemon [_thread_in_native, id=13188, stack(0x0000008fcd600000,0x0000008fcd700000)]
  0x000002227c683030 JavaThread "C1 CompilerThread3" daemon [_thread_blocked, id=16632, stack(0x0000008fcd800000,0x0000008fcd900000)]
  0x000002227c790a60 JavaThread "RMI TCP Connection(2)-192.168.1.20" daemon [_thread_in_native, id=5336, stack(0x0000008fcd900000,0x0000008fcda00000)]
  0x000002227c78ca80 JavaThread "RMI Scheduler(0)" daemon [_thread_blocked, id=17088, stack(0x0000008fcda00000,0x0000008fcdb00000)]
  0x000002227d84a620 JavaThread "RMI TCP Connection(4)-192.168.1.20" daemon [_thread_in_native, id=15960, stack(0x0000008fce500000,0x0000008fce600000)]
  0x000002227d8c31a0 JavaThread "Catalina-utility-1" [_thread_blocked, id=11352, stack(0x0000008fce600000,0x0000008fce700000)]
  0x000002227d8c3660 JavaThread "Catalina-utility-2" [_thread_blocked, id=272, stack(0x0000008fce700000,0x0000008fce800000)]
  0x000002227d91ec50 JavaThread "container-0" [_thread_blocked, id=15324, stack(0x0000008fce800000,0x0000008fce900000)]
  0x000002227d6e8280 JavaThread "mysql-cj-abandoned-connection-cleanup" daemon [_thread_blocked, id=1060, stack(0x0000008fce900000,0x0000008fcea00000)]
  0x000002227d6e78e0 JavaThread "RMI TCP Connection(5)-192.168.1.20" daemon [_thread_in_native, id=15120, stack(0x0000008fcea00000,0x0000008fceb00000)]
  0x000002227d6e7410 JavaThread "HikariPool-1 housekeeper" daemon [_thread_blocked, id=12780, stack(0x0000008fcec00000,0x0000008fced00000)]
  0x000002227d6e7db0 JavaThread "HikariPool-1 connection adder" daemon [_thread_blocked, id=7044, stack(0x0000008fced00000,0x0000008fcee00000)]

Other Threads:
=>0x0000022277ef6520 VMThread "VM Thread" [stack: 0x0000008fcc800000,0x0000008fcc900000] [id=10356]
  0x000002227c620d40 WatcherThread "VM Periodic Task Thread" [stack: 0x0000008fcd700000,0x0000008fcd800000] [id=15700]
  0x00000222672d2be0 WorkerThread "GC Thread#0" [stack: 0x0000008fcc300000,0x0000008fcc400000] [id=12060]
  0x000002227ca96af0 WorkerThread "GC Thread#1" [stack: 0x0000008fcdb00000,0x0000008fcdc00000] [id=16680]
  0x000002227cad5810 WorkerThread "GC Thread#2" [stack: 0x0000008fcdc00000,0x0000008fcdd00000] [id=13284]
  0x000002227cad5ab0 WorkerThread "GC Thread#3" [stack: 0x0000008fcdd00000,0x0000008fcde00000] [id=14920]
  0x000002227cad5d50 WorkerThread "GC Thread#4" [stack: 0x0000008fcde00000,0x0000008fcdf00000] [id=12644]
  0x000002227cad5ff0 WorkerThread "GC Thread#5" [stack: 0x0000008fcdf00000,0x0000008fce000000] [id=2768]
  0x000002227cad6710 WorkerThread "GC Thread#6" [stack: 0x0000008fce000000,0x0000008fce100000] [id=5016]
  0x000002227cad79c0 WorkerThread "GC Thread#7" [stack: 0x0000008fce100000,0x0000008fce200000] [id=13240]
  0x00000222672dc830 ConcurrentGCThread "G1 Main Marker" [stack: 0x0000008fcc400000,0x0000008fcc500000] [id=9412]
  0x000002226529e120 WorkerThread "G1 Conc#0" [stack: 0x0000008fcc500000,0x0000008fcc600000] [id=9380]
  0x000002227d6f74f0 WorkerThread "G1 Conc#1" [stack: 0x0000008fce400000,0x0000008fce500000] [id=11320]
  0x000002226731f9f0 ConcurrentGCThread "G1 Refine#0" [stack: 0x0000008fcc600000,0x0000008fcc700000] [id=15260]
  0x000002227ca96d90 ConcurrentGCThread "G1 Refine#1" [stack: 0x0000008fce200000,0x0000008fce300000] [id=3232]
  0x000002227cad8bf0 ConcurrentGCThread "G1 Refine#2" [stack: 0x0000008fce300000,0x0000008fce400000] [id=7040]
  0x0000022267320300 ConcurrentGCThread "G1 Service" [stack: 0x0000008fcc700000,0x0000008fcc800000] [id=14608]

Threads with active compile tasks:

VM state: at safepoint (normal execution)

VM Mutex/Monitor currently owned by a thread:  ([mutex/lock_event])
[0x000002226727d5b0] Threads_lock - owner thread: 0x0000022277ef6520
[0x000002226727ce60] Heap_lock - owner thread: 0x0000022267282530

Heap address: 0x00000000a1e00000, size: 1506 MB, Compressed Oops mode: 32-bit

CDS archive(s) mapped at: [0x0000000800000000-0x0000000800b90000-0x0000000800b90000), size 12124160, SharedBaseAddress: 0x0000000800000000, ArchiveRelocationMode: 0.
Compressed class space mapped at: 0x0000000800c00000-0x0000000840c00000, reserved size: 1073741824
Narrow klass base: 0x0000000800000000, Narrow klass shift: 0, Narrow klass range: 0x100000000

GC Precious Log:
 CardTable entry size: 512
 Card Set container configuration: InlinePtr #cards 5 size 8 Array Of Cards #cards 12 size 40 Howl #buckets 4 coarsen threshold 1843 Howl Bitmap #cards 512 size 80 coarsen threshold 460 Card regions per heap region 1 cards per card region 2048
 CPUs: 8 total, 8 available
 Memory: 6017M
 Large Page Support: Disabled
 NUMA Support: Disabled
 Compressed Oops: Enabled (32-bit)
 Heap Region Size: 1M
 Heap Min Capacity: 8M
 Heap Initial Capacity: 96M
 Heap Max Capacity: 1506M
 Pre-touch: Disabled
 Parallel Workers: 8
 Concurrent Workers: 2
 Concurrent Refinement Workers: 8
 Periodic GC: Disabled

Heap:
 garbage-first heap   total 75776K, used 20443K [0x00000000a1e00000, 0x0000000100000000)
  region size 1024K, 3 young (3072K), 3 survivors (3072K)
 Metaspace       used 34253K, committed 34688K, reserved 1114112K
  class space    used 4598K, committed 4800K, reserved 1048576K

Heap Regions: E=young(eden), S=young(survivor), O=old, HS=humongous(starts), HC=humongous(continues), CS=collection set, F=free, OA=open archive, CA=closed archive, TAMS=top-at-mark-start (previous, next)
|   0|0x00000000a1e00000, 0x00000000a1f00000, 0x00000000a1f00000|100%|HS|  |TAMS 0x00000000a1f00000, 0x00000000a1e00000| Complete 
|   1|0x00000000a1f00000, 0x00000000a2000000, 0x00000000a2000000|100%| O|  |TAMS 0x00000000a2000000, 0x00000000a1f00000| Untracked 
|   2|0x00000000a2000000, 0x00000000a2100000, 0x00000000a2100000|100%| O|  |TAMS 0x00000000a2100000, 0x00000000a2000000| Untracked 
|   3|0x00000000a2100000, 0x00000000a2200000, 0x00000000a2200000|100%| O|  |TAMS 0x00000000a2200000, 0x00000000a2100000| Untracked 
|   4|0x00000000a2200000, 0x00000000a2300000, 0x00000000a2300000|100%| O|  |TAMS 0x00000000a2300000, 0x00000000a2200000| Untracked 
|   5|0x00000000a2300000, 0x00000000a2400000, 0x00000000a2400000|100%| O|  |TAMS 0x00000000a2400000, 0x00000000a2300000| Untracked 
|   6|0x00000000a2400000, 0x00000000a2500000, 0x00000000a2500000|100%| O|  |TAMS 0x00000000a2500000, 0x00000000a2400000| Untracked 
|   7|0x00000000a2500000, 0x00000000a2500000, 0x00000000a2600000|  0%| F|  |TAMS 0x00000000a2500000, 0x00000000a2500000| Untracked 
|   8|0x00000000a2600000, 0x00000000a2700000, 0x00000000a2700000|100%| O|  |TAMS 0x00000000a2600000, 0x00000000a2600000| Untracked 
|   9|0x00000000a2700000, 0x00000000a2800000, 0x00000000a2800000|100%| O|  |TAMS 0x00000000a2700000, 0x00000000a2700000| Untracked 
|  10|0x00000000a2800000, 0x00000000a2900000, 0x00000000a2900000|100%| O|  |TAMS 0x00000000a2800000, 0x00000000a2800000| Untracked 
|  11|0x00000000a2900000, 0x00000000a2a00000, 0x00000000a2a00000|100%| O|  |TAMS 0x00000000a2900000, 0x00000000a2900000| Untracked 
|  12|0x00000000a2a00000, 0x00000000a2b00000, 0x00000000a2b00000|100%| O|  |TAMS 0x00000000a2a00000, 0x00000000a2a00000| Untracked 
|  13|0x00000000a2b00000, 0x00000000a2c00000, 0x00000000a2c00000|100%| O|  |TAMS 0x00000000a2b00000, 0x00000000a2b00000| Untracked 
|  14|0x00000000a2c00000, 0x00000000a2c1d000, 0x00000000a2d00000| 11%| O|  |TAMS 0x00000000a2c00000, 0x00000000a2c00000| Untracked 
|  15|0x00000000a2d00000, 0x00000000a2d00000, 0x00000000a2e00000|  0%| F|  |TAMS 0x00000000a2d00000, 0x00000000a2d00000| Untracked 
|  16|0x00000000a2e00000, 0x00000000a2e00000, 0x00000000a2f00000|  0%| F|  |TAMS 0x00000000a2e00000, 0x00000000a2e00000| Untracked 
|  17|0x00000000a2f00000, 0x00000000a2f00000, 0x00000000a3000000|  0%| F|  |TAMS 0x00000000a2f00000, 0x00000000a2f00000| Untracked 
|  18|0x00000000a3000000, 0x00000000a3000000, 0x00000000a3100000|  0%| F|  |TAMS 0x00000000a3000000, 0x00000000a3000000| Untracked 
|  19|0x00000000a3100000, 0x00000000a3100000, 0x00000000a3200000|  0%| F|  |TAMS 0x00000000a3100000, 0x00000000a3100000| Untracked 
|  20|0x00000000a3200000, 0x00000000a3200000, 0x00000000a3300000|  0%| F|  |TAMS 0x00000000a3200000, 0x00000000a3200000| Untracked 
|  21|0x00000000a3300000, 0x00000000a3300000, 0x00000000a3400000|  0%| F|  |TAMS 0x00000000a3300000, 0x00000000a3300000| Untracked 
|  22|0x00000000a3400000, 0x00000000a3400000, 0x00000000a3500000|  0%| F|  |TAMS 0x00000000a3400000, 0x00000000a3400000| Untracked 
|  23|0x00000000a3500000, 0x00000000a3500000, 0x00000000a3600000|  0%| F|  |TAMS 0x00000000a3500000, 0x00000000a3500000| Untracked 
|  24|0x00000000a3600000, 0x00000000a3600000, 0x00000000a3700000|  0%| F|  |TAMS 0x00000000a3600000, 0x00000000a3600000| Untracked 
|  25|0x00000000a3700000, 0x00000000a3700000, 0x00000000a3800000|  0%| F|  |TAMS 0x00000000a3700000, 0x00000000a3700000| Untracked 
|  26|0x00000000a3800000, 0x00000000a3800000, 0x00000000a3900000|  0%| F|  |TAMS 0x00000000a3800000, 0x00000000a3800000| Untracked 
|  27|0x00000000a3900000, 0x00000000a3900000, 0x00000000a3a00000|  0%| F|  |TAMS 0x00000000a3900000, 0x00000000a3900000| Untracked 
|  28|0x00000000a3a00000, 0x00000000a3a00000, 0x00000000a3b00000|  0%| F|  |TAMS 0x00000000a3a00000, 0x00000000a3a00000| Untracked 
|  29|0x00000000a3b00000, 0x00000000a3b00000, 0x00000000a3c00000|  0%| F|  |TAMS 0x00000000a3b00000, 0x00000000a3b00000| Untracked 
|  30|0x00000000a3c00000, 0x00000000a3cd9d50, 0x00000000a3d00000| 85%| S|CS|TAMS 0x00000000a3c00000, 0x00000000a3c00000| Complete 
|  31|0x00000000a3d00000, 0x00000000a3e00000, 0x00000000a3e00000|100%| S|CS|TAMS 0x00000000a3d00000, 0x00000000a3d00000| Complete 
|  32|0x00000000a3e00000, 0x00000000a3f00000, 0x00000000a3f00000|100%| S|CS|TAMS 0x00000000a3e00000, 0x00000000a3e00000| Complete 
|  33|0x00000000a3f00000, 0x00000000a3f00000, 0x00000000a4000000|  0%| F|  |TAMS 0x00000000a3f00000, 0x00000000a3f00000| Untracked 
|  34|0x00000000a4000000, 0x00000000a4000000, 0x00000000a4100000|  0%| F|  |TAMS 0x00000000a4000000, 0x00000000a4000000| Untracked 
|  35|0x00000000a4100000, 0x00000000a4100000, 0x00000000a4200000|  0%| F|  |TAMS 0x00000000a4100000, 0x00000000a4100000| Untracked 
|  36|0x00000000a4200000, 0x00000000a4200000, 0x00000000a4300000|  0%| F|  |TAMS 0x00000000a4200000, 0x00000000a4200000| Untracked 
|  37|0x00000000a4300000, 0x00000000a4300000, 0x00000000a4400000|  0%| F|  |TAMS 0x00000000a4300000, 0x00000000a4300000| Untracked 
|  38|0x00000000a4400000, 0x00000000a4400000, 0x00000000a4500000|  0%| F|  |TAMS 0x00000000a4400000, 0x00000000a4400000| Untracked 
|  39|0x00000000a4500000, 0x00000000a4500000, 0x00000000a4600000|  0%| F|  |TAMS 0x00000000a4500000, 0x00000000a4500000| Untracked 
|  40|0x00000000a4600000, 0x00000000a4600000, 0x00000000a4700000|  0%| F|  |TAMS 0x00000000a4600000, 0x00000000a4600000| Untracked 
|  41|0x00000000a4700000, 0x00000000a4700000, 0x00000000a4800000|  0%| F|  |TAMS 0x00000000a4700000, 0x00000000a4700000| Untracked 
|  42|0x00000000a4800000, 0x00000000a4800000, 0x00000000a4900000|  0%| F|  |TAMS 0x00000000a4800000, 0x00000000a4800000| Untracked 
|  43|0x00000000a4900000, 0x00000000a4900000, 0x00000000a4a00000|  0%| F|  |TAMS 0x00000000a4900000, 0x00000000a4900000| Untracked 
|  44|0x00000000a4a00000, 0x00000000a4a00000, 0x00000000a4b00000|  0%| F|  |TAMS 0x00000000a4a00000, 0x00000000a4a00000| Untracked 
|  45|0x00000000a4b00000, 0x00000000a4b00000, 0x00000000a4c00000|  0%| F|  |TAMS 0x00000000a4b00000, 0x00000000a4b00000| Untracked 
|  46|0x00000000a4c00000, 0x00000000a4c00000, 0x00000000a4d00000|  0%| F|  |TAMS 0x00000000a4c00000, 0x00000000a4c00000| Untracked 
|  47|0x00000000a4d00000, 0x00000000a4d00000, 0x00000000a4e00000|  0%| F|  |TAMS 0x00000000a4d00000, 0x00000000a4d00000| Untracked 
|  48|0x00000000a4e00000, 0x00000000a4e00000, 0x00000000a4f00000|  0%| F|  |TAMS 0x00000000a4e00000, 0x00000000a4e00000| Untracked 
|  49|0x00000000a4f00000, 0x00000000a4f00000, 0x00000000a5000000|  0%| F|  |TAMS 0x00000000a4f00000, 0x00000000a4f00000| Untracked 
|  50|0x00000000a5000000, 0x00000000a5000000, 0x00000000a5100000|  0%| F|  |TAMS 0x00000000a5000000, 0x00000000a5000000| Untracked 
|  51|0x00000000a5100000, 0x00000000a5100000, 0x00000000a5200000|  0%| F|  |TAMS 0x00000000a5100000, 0x00000000a5100000| Untracked 
|  52|0x00000000a5200000, 0x00000000a5200000, 0x00000000a5300000|  0%| F|  |TAMS 0x00000000a5200000, 0x00000000a5200000| Untracked 
|  53|0x00000000a5300000, 0x00000000a5300000, 0x00000000a5400000|  0%| F|  |TAMS 0x00000000a5300000, 0x00000000a5300000| Untracked 
|  54|0x00000000a5400000, 0x00000000a5400000, 0x00000000a5500000|  0%| F|  |TAMS 0x00000000a5400000, 0x00000000a5400000| Untracked 
|  55|0x00000000a5500000, 0x00000000a5500000, 0x00000000a5600000|  0%| F|  |TAMS 0x00000000a5500000, 0x00000000a5500000| Untracked 
|  56|0x00000000a5600000, 0x00000000a5600000, 0x00000000a5700000|  0%| F|  |TAMS 0x00000000a5600000, 0x00000000a5600000| Untracked 
|  57|0x00000000a5700000, 0x00000000a5700000, 0x00000000a5800000|  0%| F|  |TAMS 0x00000000a5700000, 0x00000000a5700000| Untracked 
|  58|0x00000000a5800000, 0x00000000a5800000, 0x00000000a5900000|  0%| F|  |TAMS 0x00000000a5800000, 0x00000000a5800000| Untracked 
|  59|0x00000000a5900000, 0x00000000a5900000, 0x00000000a5a00000|  0%| F|  |TAMS 0x00000000a5900000, 0x00000000a5900000| Untracked 
|  60|0x00000000a5a00000, 0x00000000a5a00000, 0x00000000a5b00000|  0%| F|  |TAMS 0x00000000a5a00000, 0x00000000a5a00000| Untracked 
|  61|0x00000000a5b00000, 0x00000000a5b00000, 0x00000000a5c00000|  0%| F|  |TAMS 0x00000000a5b00000, 0x00000000a5b00000| Untracked 
|  62|0x00000000a5c00000, 0x00000000a5c00000, 0x00000000a5d00000|  0%| F|  |TAMS 0x00000000a5c00000, 0x00000000a5c00000| Untracked 
|  63|0x00000000a5d00000, 0x00000000a5d00000, 0x00000000a5e00000|  0%| F|  |TAMS 0x00000000a5d00000, 0x00000000a5d00000| Untracked 
|  64|0x00000000a5e00000, 0x00000000a5e00000, 0x00000000a5f00000|  0%| F|  |TAMS 0x00000000a5e00000, 0x00000000a5e00000| Untracked 
|  65|0x00000000a5f00000, 0x00000000a5f00000, 0x00000000a6000000|  0%| F|  |TAMS 0x00000000a5f00000, 0x00000000a5f00000| Untracked 
|  66|0x00000000a6000000, 0x00000000a6000000, 0x00000000a6100000|  0%| F|  |TAMS 0x00000000a6000000, 0x00000000a6000000| Untracked 
|  67|0x00000000a6100000, 0x00000000a6100000, 0x00000000a6200000|  0%| F|  |TAMS 0x00000000a6100000, 0x00000000a6100000| Untracked 
|  94|0x00000000a7c00000, 0x00000000a7c00000, 0x00000000a7d00000|  0%| F|  |TAMS 0x00000000a7c00000, 0x00000000a7c00000| Untracked 
|  95|0x00000000a7d00000, 0x00000000a7d00000, 0x00000000a7e00000|  0%| F|  |TAMS 0x00000000a7d00000, 0x00000000a7d00000| Untracked 
|1502|0x00000000ffc00000, 0x00000000ffd00000, 0x00000000ffd00000|100%| O|  |TAMS 0x00000000ffc00000, 0x00000000ffc00000| Untracked 
|1503|0x00000000ffd00000, 0x00000000ffe00000, 0x00000000ffe00000|100%| O|  |TAMS 0x00000000ffd00000, 0x00000000ffd00000| Untracked 
|1504|0x00000000ffe00000, 0x00000000fff00000, 0x00000000fff00000|100%| O|  |TAMS 0x00000000ffe00000, 0x00000000ffe00000| Untracked 
|1505|0x00000000fff00000, 0x0000000100000000, 0x0000000100000000|100%| O|  |TAMS 0x00000000fff00000, 0x00000000fff00000| Untracked 

Card table byte_map: [0x0000022271fb0000,0x00000222722b0000] _byte_map_base: 0x0000022271aa1000

Marking Bits (Prev, Next): (CMBitMap*) 0x00000222672d3220, (CMBitMap*) 0x00000222672d31e0
 Prev Bits: [0x0000022273d40000, 0x00000222754c8000)
 Next Bits: [0x00000222725b0000, 0x0000022273d38000)

Polling page: 0x0000022265180000

Metaspace:

Usage:
  Non-class:     28.96 MB used.
      Class:      4.49 MB used.
       Both:     33.45 MB used.

Virtual space:
  Non-class space:       64.00 MB reserved,      29.19 MB ( 46%) committed,  1 nodes.
      Class space:        1.00 GB reserved,       4.69 MB ( <1%) committed,  1 nodes.
             Both:        1.06 GB reserved,      33.88 MB (  3%) committed. 

Chunk freelists:
   Non-Class:  2.84 MB
       Class:  3.14 MB
        Both:  5.98 MB

MaxMetaspaceSize: unlimited
CompressedClassSpaceSize: 1.00 GB
Initial GC threshold: 21.00 MB
Current GC threshold: 35.56 MB
CDS: on
MetaspaceReclaimPolicy: balanced
 - commit_granule_bytes: 65536.
 - commit_granule_words: 8192.
 - virtual_space_node_default_size: 8388608.
 - enlarge_chunks_in_place: 1.
 - new_chunks_are_fully_committed: 0.
 - uncommit_free_chunks: 1.
 - use_allocation_guard: 0.


Internal statistics:

num_allocs_failed_limit: 3.
num_arena_births: 502.
num_arena_deaths: 0.
num_vsnodes_births: 2.
num_vsnodes_deaths: 0.
num_space_committed: 542.
num_space_uncommitted: 0.
num_chunks_returned_to_freelist: 3.
num_chunks_taken_from_freelist: 1667.
num_chunk_merges: 3.
num_chunk_splits: 1184.
num_chunks_enlarged: 929.
num_inconsistent_stats: 0.

CodeCache: size=49152Kb used=9377Kb max_used=9377Kb free=39775Kb
 bounds [0x000002226eba0000, 0x000002226f4d0000, 0x0000022271ba0000]
 total_blobs=4625 nmethods=4050 adapters=498
 compilation: enabled
              stopped_count=0, restarted_count=0
 full_count=0

Compilation events (20 events):
Event: 4.811 Thread 0x0000022277f1a4c0 nmethod 4042 0x000002226f4c2510 code [0x000002226f4c26a0, 0x000002226f4c27b8]
Event: 4.811 Thread 0x0000022277f1a4c0 4043       1       org.hibernate.jpa.event.spi.CallbackType::getCallbackAnnotation (5 bytes)
Event: 4.811 Thread 0x000002227c13a380 nmethod 4040 0x000002226f4c2810 code [0x000002226f4c29c0, 0x000002226f4c2b38]
Event: 4.811 Thread 0x000002227c139460 nmethod 4041 0x000002226f4c2c90 code [0x000002226f4c2e40, 0x000002226f4c2fd8]
Event: 4.811 Thread 0x0000022277f1a4c0 nmethod 4043 0x000002226f4c3110 code [0x000002226f4c32a0, 0x000002226f4c3378]
Event: 4.811 Thread 0x000002227c683030 nmethod 4037 0x000002226f4c3410 code [0x000002226f4c3620, 0x000002226f4c3a08]
Event: 4.817 Thread 0x000002227c683030 4044       1       org.hibernate.annotations.common.reflection.java.JavaXMember::getAnnotation (6 bytes)
Event: 4.817 Thread 0x000002227c139460 4045       1       org.hibernate.annotations.common.reflection.java.JavaXProperty::getName (98 bytes)
Event: 4.817 Thread 0x000002227c13a380 4046       1       org.hibernate.boot.internal.MetadataBuildingContextRootImpl::getMetadataCollector (5 bytes)
Event: 4.817 Thread 0x000002227c13a380 nmethod 4046 0x000002226f4c3c90 code [0x000002226f4c3e20, 0x000002226f4c3ef8]
Event: 4.817 Thread 0x000002227c683030 nmethod 4044 0x000002226f4c3f90 code [0x000002226f4c4140, 0x000002226f4c4378]
Event: 4.818 Thread 0x000002227c139460 nmethod 4045 0x000002226f4c4510 code [0x000002226f4c4780, 0x000002226f4c4e38]
Event: 4.837 Thread 0x000002227c683030 4047       1       org.hibernate.annotations.common.reflection.java.generics.CompoundTypeEnvironment::create (28 bytes)
Event: 4.837 Thread 0x000002227c139460 4048       1       org.hibernate.annotations.common.reflection.java.JavaReflectionManager::access$000 (5 bytes)
Event: 4.837 Thread 0x000002227c139460 nmethod 4048 0x000002226f4c6290 code [0x000002226f4c6420, 0x000002226f4c64d8]
Event: 4.837 Thread 0x000002227c683030 nmethod 4047 0x000002226f4c6590 code [0x000002226f4c6760, 0x000002226f4c6a18]
Event: 4.853 Thread 0x000002227c683030 4049   !   1       jdk.internal.loader.AbstractClassLoaderValue::get (21 bytes)
Event: 4.854 Thread 0x000002227c683030 nmethod 4049 0x000002226f4c7a10 code [0x000002226f4c7be0, 0x000002226f4c7e28]
Event: 4.854 Thread 0x000002227c683030 4050       1       java.lang.CompoundEnumeration::next (58 bytes)
Event: 4.854 Thread 0x000002227c683030 nmethod 4050 0x000002226f4c8010 code [0x000002226f4c81c0, 0x000002226f4c8348]

GC Heap History (13 events):
Event: 1.287 GC heap before
{Heap before GC invocations=0 (full 0):
 garbage-first heap   total 98304K, used 24576K [0x00000000a1e00000, 0x0000000100000000)
  region size 1024K, 23 young (23552K), 0 survivors (0K)
 Metaspace       used 7973K, committed 8256K, reserved 1114112K
  class space    used 969K, committed 1088K, reserved 1048576K
}
Event: 1.298 GC heap after
{Heap after GC invocations=1 (full 0):
 garbage-first heap   total 98304K, used 8040K [0x00000000a1e00000, 0x0000000100000000)
  region size 1024K, 3 young (3072K), 3 survivors (3072K)
 Metaspace       used 7973K, committed 8256K, reserved 1114112K
  class space    used 969K, committed 1088K, reserved 1048576K
}
Event: 1.684 GC heap before
{Heap before GC invocations=1 (full 0):
 garbage-first heap   total 98304K, used 26472K [0x00000000a1e00000, 0x0000000100000000)
  region size 1024K, 21 young (21504K), 3 survivors (3072K)
 Metaspace       used 12039K, committed 12352K, reserved 1114112K
  class space    used 1550K, committed 1664K, reserved 1048576K
}
Event: 1.689 GC heap after
{Heap after GC invocations=2 (full 0):
 garbage-first heap   total 98304K, used 9588K [0x00000000a1e00000, 0x0000000100000000)
  region size 1024K, 2 young (2048K), 2 survivors (2048K)
 Metaspace       used 12039K, committed 12352K, reserved 1114112K
  class space    used 1550K, committed 1664K, reserved 1048576K
}
Event: 2.341 GC heap before
{Heap before GC invocations=2 (full 0):
 garbage-first heap   total 98304K, used 47476K [0x00000000a1e00000, 0x0000000100000000)
  region size 1024K, 40 young (40960K), 2 survivors (2048K)
 Metaspace       used 17367K, committed 17728K, reserved 1114112K
  class space    used 2248K, committed 2432K, reserved 1048576K
}
Event: 2.346 GC heap after
{Heap after GC invocations=3 (full 0):
 garbage-first heap   total 98304K, used 11726K [0x00000000a1e00000, 0x0000000100000000)
  region size 1024K, 4 young (4096K), 4 survivors (4096K)
 Metaspace       used 17367K, committed 17728K, reserved 1114112K
  class space    used 2248K, committed 2432K, reserved 1048576K
}
Event: 2.919 GC heap before
{Heap before GC invocations=3 (full 0):
 garbage-first heap   total 98304K, used 39374K [0x00000000a1e00000, 0x0000000100000000)
  region size 1024K, 32 young (32768K), 4 survivors (4096K)
 Metaspace       used 21238K, committed 21504K, reserved 1114112K
  class space    used 2828K, committed 2944K, reserved 1048576K
}
Event: 2.931 GC heap after
{Heap after GC invocations=4 (full 0):
 garbage-first heap   total 98304K, used 14336K [0x00000000a1e00000, 0x0000000100000000)
  region size 1024K, 6 young (6144K), 6 survivors (6144K)
 Metaspace       used 21238K, committed 21504K, reserved 1114112K
  class space    used 2828K, committed 2944K, reserved 1048576K
}
Event: 3.863 GC heap before
{Heap before GC invocations=5 (full 0):
 garbage-first heap   total 55296K, used 55296K [0x00000000a1e00000, 0x0000000100000000)
  region size 1024K, 46 young (47104K), 6 survivors (6144K)
 Metaspace       used 26374K, committed 26752K, reserved 1114112K
  class space    used 3487K, committed 3648K, reserved 1048576K
}
Event: 3.874 GC heap after
{Heap after GC invocations=6 (full 0):
 garbage-first heap   total 66560K, used 18205K [0x00000000a1e00000, 0x0000000100000000)
  region size 1024K, 7 young (7168K), 7 survivors (7168K)
 Metaspace       used 26374K, committed 26752K, reserved 1114112K
  class space    used 3487K, committed 3648K, reserved 1048576K
}
Event: 3.896 GC heap before
{Heap before GC invocations=6 (full 0):
 garbage-first heap   total 66560K, used 19229K [0x00000000a1e00000, 0x0000000100000000)
  region size 1024K, 8 young (8192K), 7 survivors (7168K)
 Metaspace       used 26645K, committed 27008K, reserved 1114112K
  class space    used 3521K, committed 3712K, reserved 1048576K
}
Event: 3.901 GC heap after
{Heap after GC invocations=7 (full 0):
 garbage-first heap   total 66560K, used 18412K [0x00000000a1e00000, 0x0000000100000000)
  region size 1024K, 1 young (1024K), 1 survivors (1024K)
 Metaspace       used 26645K, committed 27008K, reserved 1114112K
  class space    used 3521K, committed 3712K, reserved 1048576K
}
Event: 4.859 GC heap before
{Heap before GC invocations=7 (full 0):
 garbage-first heap   total 66560K, used 45036K [0x00000000a1e00000, 0x0000000100000000)
  region size 1024K, 28 young (28672K), 1 survivors (1024K)
 Metaspace       used 34253K, committed 34688K, reserved 1114112K
  class space    used 4598K, committed 4800K, reserved 1048576K
}

Deoptimization events (10 events):
Event: 0.522 Thread 0x0000022267282530 DEOPT PACKING pc=0x000002226ee7bdf5 sp=0x0000008fcc2fce60
Event: 0.522 Thread 0x0000022267282530 DEOPT UNPACKING pc=0x000002226ebf2b43 sp=0x0000008fcc2fc2d0 mode 3
Event: 1.721 Thread 0x0000022267282530 DEOPT PACKING pc=0x000002226f13a219 sp=0x0000008fcc2fcfe0
Event: 1.721 Thread 0x0000022267282530 DEOPT UNPACKING pc=0x000002226ebf2b43 sp=0x0000008fcc2fc4c0 mode 3
Event: 2.439 Thread 0x0000022267282530 DEOPT PACKING pc=0x000002226f173b24 sp=0x0000008fcc2fd4a0
Event: 2.439 Thread 0x0000022267282530 DEOPT UNPACKING pc=0x000002226ebf2b43 sp=0x0000008fcc2fc9f8 mode 0
Event: 2.689 Thread 0x0000022267282530 DEOPT PACKING pc=0x000002226f3423f5 sp=0x0000008fcc2fcab0
Event: 2.689 Thread 0x0000022267282530 DEOPT UNPACKING pc=0x000002226ebf2b43 sp=0x0000008fcc2fbf20 mode 3
Event: 3.566 Thread 0x0000022267282530 DEOPT PACKING pc=0x000002226f43465d sp=0x0000008fcc2fc3d0
Event: 3.566 Thread 0x0000022267282530 DEOPT UNPACKING pc=0x000002226ebf2b43 sp=0x0000008fcc2fb938 mode 3

Classes loaded (20 events):
Event: 4.638 Loading class java/util/concurrent/ThreadPoolExecutor$DiscardOldestPolicy
Event: 4.639 Loading class java/util/concurrent/ThreadPoolExecutor$DiscardOldestPolicy done
Event: 4.639 Loading class java/util/concurrent/ThreadPoolExecutor$CallerRunsPolicy
Event: 4.639 Loading class java/util/concurrent/ThreadPoolExecutor$CallerRunsPolicy done
Event: 4.676 Loading class java/io/CharArrayWriter
Event: 4.676 Loading class java/io/CharArrayWriter done
Event: 4.771 Loading class jdk/internal/ValueBased
Event: 4.771 Loading class jdk/internal/ValueBased done
Event: 4.793 Loading class java/util/regex/Pattern$SliceS
Event: 4.793 Loading class java/util/regex/Pattern$SliceS done
Event: 4.813 Loading class sun/reflect/generics/repository/FieldRepository
Event: 4.813 Loading class sun/reflect/generics/repository/FieldRepository done
Event: 4.851 Loading class sun/security/provider/MD5
Event: 4.851 Loading class sun/security/provider/MD5 done
Event: 4.851 Loading class sun/security/provider/ByteArrayAccess$LE
Event: 4.851 Loading class sun/security/provider/ByteArrayAccess$LE done
Event: 4.852 Loading class java/lang/StrictMath
Event: 4.852 Loading class java/lang/StrictMath done
Event: 4.852 Loading class java/math/MutableBigInteger
Event: 4.852 Loading class java/math/MutableBigInteger done

Classes unloaded (0 events):
No events

Classes redefined (0 events):
No events

Internal exceptions (20 events):
Event: 3.773 Thread 0x0000022267282530 Exception <a 'java/lang/ClassNotFoundException'{0x00000000a29dc680}: java/lang/ObjectCustomizer> (0x00000000a29dc680) 
thrown [t:\workspace\open\src\hotspot\share\classfile\systemDictionary.cpp, line 255]
Event: 3.774 Thread 0x0000022267282530 Exception <a 'java/lang/ClassNotFoundException'{0x00000000a29e3930}: org/springframework/orm/jpa/AbstractEntityManagerFactoryBeanCustomizer> (0x00000000a29e3930) 
thrown [t:\workspace\open\src\hotspot\share\classfile\systemDictionary.cpp, line 255]
Event: 3.776 Thread 0x0000022267282530 Exception <a 'java/lang/ClassNotFoundException'{0x00000000a280ad20}: org/springframework/orm/jpa/LocalContainerEntityManagerFactoryBeanCustomizer> (0x00000000a280ad20) 
thrown [t:\workspace\open\src\hotspot\share\classfile\systemDictionary.cpp, line 255]
Event: 3.779 Thread 0x0000022267282530 Exception <a 'java/lang/ClassNotFoundException'{0x00000000a284ff70}: org/springframework/context/ResourceLoaderAwareCustomizer> (0x00000000a284ff70) 
thrown [t:\workspace\open\src\hotspot\share\classfile\systemDictionary.cpp, line 255]
Event: 3.779 Thread 0x0000022267282530 Exception <a 'java/lang/ClassNotFoundException'{0x00000000a2854820}: org/springframework/beans/factory/AwareCustomizer> (0x00000000a2854820) 
thrown [t:\workspace\open\src\hotspot\share\classfile\systemDictionary.cpp, line 255]
Event: 3.780 Thread 0x0000022267282530 Exception <a 'java/lang/ClassNotFoundException'{0x00000000a2858688}: org/springframework/context/weaving/LoadTimeWeaverAwareCustomizer> (0x00000000a2858688) 
thrown [t:\workspace\open\src\hotspot\share\classfile\systemDictionary.cpp, line 255]
Event: 3.780 Thread 0x0000022267282530 Exception <a 'java/lang/ClassNotFoundException'{0x00000000a285d440}: org/springframework/beans/factory/AwareCustomizer> (0x00000000a285d440) 
thrown [t:\workspace\open\src\hotspot\share\classfile\systemDictionary.cpp, line 255]
Event: 3.780 Thread 0x0000022267282530 Exception <a 'java/lang/ClassNotFoundException'{0x00000000a2861168}: org/springframework/beans/factory/FactoryBeanCustomizer> (0x00000000a2861168) 
thrown [t:\workspace\open\src\hotspot\share\classfile\systemDictionary.cpp, line 255]
Event: 3.781 Thread 0x0000022267282530 Exception <a 'java/lang/ClassNotFoundException'{0x00000000a28691b8}: org/springframework/beans/factory/BeanClassLoaderAwareCustomizer> (0x00000000a28691b8) 
thrown [t:\workspace\open\src\hotspot\share\classfile\systemDictionary.cpp, line 255]
Event: 3.782 Thread 0x0000022267282530 Exception <a 'java/lang/ClassNotFoundException'{0x00000000a286da90}: org/springframework/beans/factory/AwareCustomizer> (0x00000000a286da90) 
thrown [t:\workspace\open\src\hotspot\share\classfile\systemDictionary.cpp, line 255]
Event: 3.782 Thread 0x0000022267282530 Exception <a 'java/lang/ClassNotFoundException'{0x00000000a28716f8}: org/springframework/beans/factory/BeanFactoryAwareCustomizer> (0x00000000a28716f8) 
thrown [t:\workspace\open\src\hotspot\share\classfile\systemDictionary.cpp, line 255]
Event: 3.783 Thread 0x0000022267282530 Exception <a 'java/lang/ClassNotFoundException'{0x00000000a2876660}: org/springframework/beans/factory/AwareCustomizer> (0x00000000a2876660) 
thrown [t:\workspace\open\src\hotspot\share\classfile\systemDictionary.cpp, line 255]
Event: 3.783 Thread 0x0000022267282530 Exception <a 'java/lang/ClassNotFoundException'{0x00000000a287a298}: org/springframework/beans/factory/BeanNameAwareCustomizer> (0x00000000a287a298) 
thrown [t:\workspace\open\src\hotspot\share\classfile\systemDictionary.cpp, line 255]
Event: 3.783 Thread 0x0000022267282530 Exception <a 'java/lang/ClassNotFoundException'{0x00000000a287eae8}: org/springframework/beans/factory/AwareCustomizer> (0x00000000a287eae8) 
thrown [t:\workspace\open\src\hotspot\share\classfile\systemDictionary.cpp, line 255]
Event: 3.784 Thread 0x0000022267282530 Exception <a 'java/lang/ClassNotFoundException'{0x00000000a2882780}: org/springframework/beans/factory/InitializingBeanCustomizer> (0x00000000a2882780) 
thrown [t:\workspace\open\src\hotspot\share\classfile\systemDictionary.cpp, line 255]
Event: 3.784 Thread 0x0000022267282530 Exception <a 'java/lang/ClassNotFoundException'{0x00000000a2886c58}: org/springframework/beans/factory/DisposableBeanCustomizer> (0x00000000a2886c58) 
thrown [t:\workspace\open\src\hotspot\share\classfile\systemDictionary.cpp, line 255]
Event: 3.785 Thread 0x0000022267282530 Exception <a 'java/lang/ClassNotFoundException'{0x00000000a288b488}: org/springframework/orm/jpa/EntityManagerFactoryInfoCustomizer> (0x00000000a288b488) 
thrown [t:\workspace\open\src\hotspot\share\classfile\systemDictionary.cpp, line 255]
Event: 3.786 Thread 0x0000022267282530 Exception <a 'java/lang/ClassNotFoundException'{0x00000000a2899c10}: org/springframework/dao/support/PersistenceExceptionTranslatorCustomizer> (0x00000000a2899c10) 
thrown [t:\workspace\open\src\hotspot\share\classfile\systemDictionary.cpp, line 255]
Event: 4.676 Thread 0x0000022267282530 Exception <a 'java/lang/NoSuchMethodError'{0x00000000a4656388}: 'void java.lang.invoke.DirectMethodHandle$Holder.invokeVirtual(java.lang.Object, java.lang.Object)'> (0x00000000a4656388) 
thrown [t:\workspace\open\src\hotspot\share\interpreter\linkResolver.cpp, line 766]
Event: 4.677 Thread 0x0000022267282530 Exception <a 'java/lang/NoSuchMethodError'{0x00000000a465cc10}: 'java.lang.Object java.lang.invoke.DirectMethodHandle$Holder.invokeStaticInit(java.lang.Object, java.lang.Object, java.lang.Object, java.lang.Object)'> (0x00000000a465cc10) 
thrown [t:\workspace\open\src\hotspot\share\interpreter\linkResolver.cpp, line 766]

VM Operations (20 events):
Event: 3.267 Executing VM operation: HandshakeAllThreads done
Event: 3.328 Executing VM operation: HandshakeAllThreads
Event: 3.328 Executing VM operation: HandshakeAllThreads done
Event: 3.351 Executing VM operation: HandshakeAllThreads
Event: 3.351 Executing VM operation: HandshakeAllThreads done
Event: 3.540 Executing VM operation: HandshakeAllThreads
Event: 3.540 Executing VM operation: HandshakeAllThreads done
Event: 3.541 Executing VM operation: HandshakeAllThreads
Event: 3.541 Executing VM operation: HandshakeAllThreads done
Event: 3.579 Executing VM operation: HandshakeAllThreads
Event: 3.579 Executing VM operation: HandshakeAllThreads done
Event: 3.616 Executing VM operation: HandshakeAllThreads
Event: 3.616 Executing VM operation: HandshakeAllThreads done
Event: 3.720 Executing VM operation: ICBufferFull
Event: 3.720 Executing VM operation: ICBufferFull done
Event: 3.863 Executing VM operation: G1CollectForAllocation
Event: 3.874 Executing VM operation: G1CollectForAllocation done
Event: 3.896 Executing VM operation: G1CollectForAllocation
Event: 3.901 Executing VM operation: G1CollectForAllocation done
Event: 4.859 Executing VM operation: G1CollectForAllocation

Events (20 events):
Event: 1.782 Thread 0x000002227cb9f8e0 Thread exited: 0x000002227cb9f8e0
Event: 1.873 Thread 0x000002227d374c10 Thread added: 0x000002227d374c10
Event: 1.901 Thread 0x000002227d374c10 Thread exited: 0x000002227d374c10
Event: 2.246 Thread 0x000002227d5352e0 Thread added: 0x000002227d5352e0
Event: 2.253 Thread 0x000002227d5352e0 Thread exited: 0x000002227d5352e0
Event: 2.757 Thread 0x000002227d6857d0 Thread added: 0x000002227d6857d0
Event: 2.763 Thread 0x000002227d6857d0 Thread exited: 0x000002227d6857d0
Event: 3.293 Thread 0x000002227d84a620 Thread added: 0x000002227d84a620
Event: 3.296 Thread 0x000002227d871030 Thread added: 0x000002227d871030
Event: 3.301 Thread 0x000002227d871030 Thread exited: 0x000002227d871030
Event: 3.346 Loaded shared library C:\Users\MBRPLUS\.jdks\openjdk-18\bin\sunmscapi.dll
Event: 3.582 Thread 0x000002227d8c31a0 Thread added: 0x000002227d8c31a0
Event: 3.583 Thread 0x000002227d8c3660 Thread added: 0x000002227d8c3660
Event: 3.588 Thread 0x000002227d91ec50 Thread added: 0x000002227d91ec50
Event: 3.617 Thread 0x000002227d6e8280 Thread added: 0x000002227d6e8280
Event: 3.842 Thread 0x000002227d6e78e0 Thread added: 0x000002227d6e78e0
Event: 3.845 Thread 0x000002227d6e7db0 Thread added: 0x000002227d6e7db0
Event: 3.852 Thread 0x000002227d6e7db0 Thread exited: 0x000002227d6e7db0
Event: 4.638 Thread 0x000002227d6e7410 Thread added: 0x000002227d6e7410
Event: 4.745 Thread 0x000002227d6e7db0 Thread added: 0x000002227d6e7db0


Dynamic libraries:
0x00007ff773100000 - 0x00007ff77310e000 	C:\Users\MBRPLUS\.jdks\openjdk-18\bin\java.exe
0x00007ffea9070000 - 0x00007ffea9265000 	C:\Windows\SYSTEM32\ntdll.dll
0x00007ffea7f00000 - 0x00007ffea7fbe000 	C:\Windows\System32\KERNEL32.DLL
0x00007ffea6d60000 - 0x00007ffea7028000 	C:\Windows\System32\KERNELBASE.dll
0x00007ffea6b50000 - 0x00007ffea6c50000 	C:\Windows\System32\ucrtbase.dll
0x00007ffe6e170000 - 0x00007ffe6e18a000 	C:\Users\MBRPLUS\.jdks\openjdk-18\bin\VCRUNTIME140.dll
0x00007ffe649b0000 - 0x00007ffe649c7000 	C:\Users\MBRPLUS\.jdks\openjdk-18\bin\jli.dll
0x00007ffea85a0000 - 0x00007ffea8740000 	C:\Windows\System32\USER32.dll
0x00007ffea7030000 - 0x00007ffea7052000 	C:\Windows\System32\win32u.dll
0x00007ffea8440000 - 0x00007ffea846a000 	C:\Windows\System32\GDI32.dll
0x00007ffe8c340000 - 0x00007ffe8c5da000 	C:\Windows\WinSxS\amd64_microsoft.windows.common-controls_6595b64144ccf1df_6.0.19041.1110_none_60b5254171f9507e\COMCTL32.dll
0x00007ffea6c50000 - 0x00007ffea6d5b000 	C:\Windows\System32\gdi32full.dll
0x00007ffea80e0000 - 0x00007ffea817e000 	C:\Windows\System32\msvcrt.dll
0x00007ffea6ab0000 - 0x00007ffea6b4d000 	C:\Windows\System32\msvcp_win.dll
0x00007ffea7aa0000 - 0x00007ffea7ad0000 	C:\Windows\System32\IMM32.DLL
0x00007ffe72890000 - 0x00007ffe7289c000 	C:\Users\MBRPLUS\.jdks\openjdk-18\bin\vcruntime140_1.dll
0x00007ffe5a270000 - 0x00007ffe5a2fd000 	C:\Users\MBRPLUS\.jdks\openjdk-18\bin\msvcp140.dll
0x00007ffe32ce0000 - 0x00007ffe338f1000 	C:\Users\MBRPLUS\.jdks\openjdk-18\bin\server\jvm.dll
0x00007ffea7ad0000 - 0x00007ffea7b7e000 	C:\Windows\System32\ADVAPI32.dll
0x00007ffea84f0000 - 0x00007ffea858c000 	C:\Windows\System32\sechost.dll
0x00007ffea81e0000 - 0x00007ffea8305000 	C:\Windows\System32\RPCRT4.dll
0x00007ffea7c70000 - 0x00007ffea7c78000 	C:\Windows\System32\PSAPI.DLL
0x00007ffe9f530000 - 0x00007ffe9f53a000 	C:\Windows\SYSTEM32\VERSION.dll
0x00007ffe9a170000 - 0x00007ffe9a197000 	C:\Windows\SYSTEM32\WINMM.dll
0x00007ffe8a050000 - 0x00007ffe8a059000 	C:\Windows\SYSTEM32\WSOCK32.dll
0x00007ffea7920000 - 0x00007ffea798b000 	C:\Windows\System32\WS2_32.dll
0x00007ffea46b0000 - 0x00007ffea46c2000 	C:\Windows\SYSTEM32\kernel.appcore.dll
0x00007ffe722d0000 - 0x00007ffe722da000 	C:\Users\MBRPLUS\.jdks\openjdk-18\bin\jimage.dll
0x00007ffe91cf0000 - 0x00007ffe91ed4000 	C:\Windows\SYSTEM32\DBGHELP.DLL
0x00007ffe917f0000 - 0x00007ffe9181c000 	C:\Windows\SYSTEM32\dbgcore.DLL
0x00007ffea6790000 - 0x00007ffea6812000 	C:\Windows\System32\bcryptPrimitives.dll
0x00007ffe61bb0000 - 0x00007ffe61bbe000 	C:\Users\MBRPLUS\.jdks\openjdk-18\bin\instrument.dll
0x00007ffe61700000 - 0x00007ffe61725000 	C:\Users\MBRPLUS\.jdks\openjdk-18\bin\java.dll
0x00007ffe561b0000 - 0x00007ffe56286000 	C:\Users\MBRPLUS\.jdks\openjdk-18\bin\jsvml.dll
0x00007ffea8880000 - 0x00007ffea8fc4000 	C:\Windows\System32\SHELL32.dll
0x00007ffea48b0000 - 0x00007ffea5044000 	C:\Windows\SYSTEM32\windows.storage.dll
0x00007ffea75c0000 - 0x00007ffea7914000 	C:\Windows\System32\combase.dll
0x00007ffea6130000 - 0x00007ffea615c000 	C:\Windows\SYSTEM32\Wldp.dll
0x00007ffea79f0000 - 0x00007ffea7a9d000 	C:\Windows\System32\SHCORE.dll
0x00007ffea8180000 - 0x00007ffea81d5000 	C:\Windows\System32\shlwapi.dll
0x00007ffea66d0000 - 0x00007ffea66ef000 	C:\Windows\SYSTEM32\profapi.dll
0x00007ffe60b60000 - 0x00007ffe60b78000 	C:\Users\MBRPLUS\.jdks\openjdk-18\bin\zip.dll
0x00007ffe621f0000 - 0x00007ffe62203000 	C:\Users\MBRPLUS\.jdks\openjdk-18\bin\net.dll
0x00007ffe91ee0000 - 0x00007ffe91fea000 	C:\Windows\SYSTEM32\WINHTTP.dll
0x00007ffea5e90000 - 0x00007ffea5efa000 	C:\Windows\system32\mswsock.dll
0x00007ffe620d0000 - 0x00007ffe620e6000 	C:\Users\MBRPLUS\.jdks\openjdk-18\bin\nio.dll
0x00007ffe60a60000 - 0x00007ffe60a7a000 	E:\Apps\IntelliJ IDEA 2021.3.3\bin\breakgen64.dll
0x00007ffea5bc0000 - 0x00007ffea5c8b000 	C:\Windows\SYSTEM32\DNSAPI.dll
0x00007ffea5b80000 - 0x00007ffea5bbb000 	C:\Windows\SYSTEM32\IPHLPAPI.DLL
0x00007ffea8590000 - 0x00007ffea8598000 	C:\Windows\System32\NSI.dll
0x00007ffe8b000000 - 0x00007ffe8b00a000 	C:\Windows\System32\rasadhlp.dll
0x00007ffe8b540000 - 0x00007ffe8b5bf000 	C:\Windows\System32\fwpuclnt.dll
0x00007ffea6820000 - 0x00007ffea6847000 	C:\Windows\System32\bcrypt.dll
0x00007ffe6dda0000 - 0x00007ffe6dda9000 	C:\Users\MBRPLUS\.jdks\openjdk-18\bin\management.dll
0x00007ffe64cf0000 - 0x00007ffe64cfb000 	C:\Users\MBRPLUS\.jdks\openjdk-18\bin\management_ext.dll
0x00007ffea6090000 - 0x00007ffea60a8000 	C:\Windows\SYSTEM32\CRYPTSP.dll
0x00007ffea5810000 - 0x00007ffea5844000 	C:\Windows\system32\rsaenh.dll
0x00007ffea6690000 - 0x00007ffea66be000 	C:\Windows\SYSTEM32\USERENV.dll
0x00007ffea6080000 - 0x00007ffea608c000 	C:\Windows\SYSTEM32\CRYPTBASE.dll
0x00007ffe9ba90000 - 0x00007ffe9baa7000 	C:\Windows\SYSTEM32\dhcpcsvc6.DLL
0x00007ffe9bad0000 - 0x00007ffe9baed000 	C:\Windows\SYSTEM32\dhcpcsvc.DLL
0x00007ffe7d7d0000 - 0x00007ffe7d7e7000 	C:\Windows\system32\napinsp.dll
0x00007ffe7d7b0000 - 0x00007ffe7d7cb000 	C:\Windows\system32\pnrpnsp.dll
0x00007ffea1790000 - 0x00007ffea17a5000 	C:\Windows\system32\wshbth.dll
0x00007ffea2350000 - 0x00007ffea236d000 	C:\Windows\system32\NLAapi.dll
0x00007ffe7d750000 - 0x00007ffe7d762000 	C:\Windows\System32\winrnr.dll
0x00007ffe5e5d0000 - 0x00007ffe5e5de000 	C:\Users\MBRPLUS\.jdks\openjdk-18\bin\sunmscapi.dll
0x00007ffea6850000 - 0x00007ffea69a6000 	C:\Windows\System32\CRYPT32.dll
0x00007ffea61a0000 - 0x00007ffea61c7000 	C:\Windows\SYSTEM32\ncrypt.dll
0x00007ffea6160000 - 0x00007ffea619b000 	C:\Windows\SYSTEM32\NTASN1.dll

dbghelp: loaded successfully - version: 4.0.5 - missing functions: none
symbol engine: initialized successfully - sym options: 0x614 - pdb path: .;C:\Users\MBRPLUS\.jdks\openjdk-18\bin;C:\Windows\SYSTEM32;C:\Windows\WinSxS\amd64_microsoft.windows.common-controls_6595b64144ccf1df_6.0.19041.1110_none_60b5254171f9507e;C:\Users\MBRPLUS\.jdks\openjdk-18\bin\server;E:\Apps\IntelliJ IDEA 2021.3.3\bin

VM Arguments:
jvm_args: -XX:TieredStopAtLevel=1 -Xverify:none -Dspring.output.ansi.enabled=always -Dcom.sun.management.jmxremote -Dspring.jmx.enabled=true -Dspring.liveBeansView.mbeanDomain -Dspring.application.admin.enabled=true -javaagent:E:\Apps\IntelliJ IDEA 2021.3.3\lib\idea_rt.jar=57680:E:\Apps\IntelliJ IDEA 2021.3.3\bin -Dfile.encoding=UTF-8 
java_command: com.example.backend.BackendApplication
java_class_path (initial): D:\Fullstack Ecommerce\Backend\target\classes;C:\Users\MBRPLUS\.m2\repository\org\springframework\boot\spring-boot-starter-data-jpa\2.6.7\spring-boot-starter-data-jpa-2.6.7.jar;C:\Users\MBRPLUS\.m2\repository\org\springframework\boot\spring-boot-starter-aop\2.6.7\spring-boot-starter-aop-2.6.7.jar;C:\Users\MBRPLUS\.m2\repository\org\springframework\spring-aop\5.3.19\spring-aop-5.3.19.jar;C:\Users\MBRPLUS\.m2\repository\org\aspectj\aspectjweaver\1.9.7\aspectjweaver-1.9.7.jar;C:\Users\MBRPLUS\.m2\repository\org\springframework\boot\spring-boot-starter-jdbc\2.6.7\spring-boot-starter-jdbc-2.6.7.jar;C:\Users\MBRPLUS\.m2\repository\com\zaxxer\HikariCP\4.0.3\HikariCP-4.0.3.jar;C:\Users\MBRPLUS\.m2\repository\org\springframework\spring-jdbc\5.3.19\spring-jdbc-5.3.19.jar;C:\Users\MBRPLUS\.m2\repository\jakarta\transaction\jakarta.transaction-api\1.3.3\jakarta.transaction-api-1.3.3.jar;C:\Users\MBRPLUS\.m2\repository\jakarta\persistence\jakarta.persistence-api\2.2.3\jakarta.persistence-api-2.2.3.jar;C:\Users\MBRPLUS\.m2\repository\org\hibernate\hibernate-core\5.6.8.Final\hibernate-core-5.6.8.Final.jar;C:\Users\MBRPLUS\.m2\repository\org\jboss\logging\jboss-logging\3.4.3.Final\jboss-logging-3.4.3.Final.jar;C:\Users\MBRPLUS\.m2\repository\net\bytebuddy\byte-buddy\1.11.22\byte-buddy-1.11.22.jar;C:\Users\MBRPLUS\.m2\repository\antlr\antlr\2.7.7\antlr-2.7.7.jar;C:\Users\MBRPLUS\.m2\repository\org\jboss\jandex\2.4.2.Final\jandex-2.4.2.Final.jar;C:\Users\MBRPLUS\.m2\repository\com\fasterxml\classmate\1.5.1\classmate-1.5.1.jar;C:\Users\MBRPLUS\.m2\repository\org\hibernate\common\hibernate-commons-annotations\5.1.2.Final\hibernate-commons-annotations-5.1.2.Final.jar;C:\Users\MBRPLUS\.m2\repository\org\glassfish\jaxb\jaxb-runtime\2.3.6\jaxb-runtime-2.3.6.jar;C:\Users\MBRPLUS\.m2\repository\org\glassfish\jaxb\txw2\2.3.6\txw2-2.3.6.jar;C:\Users\MBRPLUS\.m2\repository\com\sun\istack\istack-commons-runtime\3.0.12\istack-commons-runtime-3.0.12.jar;C:\Users\MBRPLUS\.m2\repository\com\sun\activation\jakarta.activation\1.2.2\jakarta.activation-1.2.2.jar;C:\Users\MBRPLUS\.m2\repository\org\springframework\data\spring-data-jpa\2.6.4\spring-data-jpa-2.6.4.jar;C:\Users\MBRPLUS\.m2\repository\org\springframework\data\spring-data-commons\2.6.4\spring-data-commons-2.6.4.jar;C:\Users\MBRPLUS\.m2\repository\org\springframework\spring-orm\5.3.19\spring-orm-5.3.19.jar;C:\Users\MBRPLUS\.m2\repository\org\springframework\spring-context\5.3.19\spring-context-5.3.19.jar;C:\Users\MBRPLUS\.m2\repository\org\springframework\spring-expression\5.3.19\spring-expression-5.3.19.jar;C:\Users\MBRPLUS\.m2\repository\org\springframework\spring-tx\5.3.19\spring-tx-5.3.19.jar;C:\Users\MBRPLUS\.m2\repository\org\springframework\spring-beans\5.3.19\spring-beans-5.3.19.jar;C:\Users\MBRPLUS\.m2\repository\org\slf4j\slf4j-api\1.7.36\slf4j-api-1.7.36.jar;C:\Users\MBRPLUS\.m2\repository\org\springframework\spring-aspects\5.3.19\spring-aspects-5.3.19.jar;C:\Users\MBRPLUS\.m2\repository\org\springframework\boot\spring-boot-starter-data-rest\2.6.7\spring-boot-starter-data-rest-2.6.7.jar;C:\Users\MBRPLUS\.m2\repository\org\springframework\boot\spring-boot-starter-web\2.6.7\spring-boot-starter-web-2.6.7.jar;C:\Users\MBRPLUS\.m2\repository\org\springframework\boot\spring-boot-starter-json\2.6.7\spring-boot-starter-json-2.6.7.jar;C:\Users\MBRPLUS\.m2\repository\com\fasterxml\jackson\datatype\jackson-datatype-jdk8\2.13.2\jackson-datatype-jdk8-2.13.2.jar;C:\Users\MBRPLUS\.m2\repository\com\fasterxml\jackson\datatype\jackson-datatype-jsr310\2.13.2\jackson-datatype-jsr310-2.13.2.jar;C:\Users\MBRPLUS\.m2\repository\com\fasterxml\jackson\module\jackson-module-parameter-names\2.13.2\jackson-module-parameter-names-2.13.2.jar;C:\Users\MBRPLUS\.m2\repository\org\springframework\boot\spring-boot-starter-tomcat\2.6.7\spring-boot-starter-tomcat-2.6.7.jar;C:\Users\MBRPLUS\.m2\repository\org\apache\tomcat\embed\tomcat-embed-core\9.0.62\tomcat-embed-core-9.0.62.jar;C:\Users\MBRPLUS\.m2\repository\org\apache\tomcat\embed\tomcat-embed-el\9.0.62\tomcat-embed-el-9.0.62.jar;C:\Users\MBRPLUS\.m2\repository\org\apache\tomcat\embed\tomcat-embed-websocket\9.0.62\tomcat-embed-websocket-9.0.62.jar;C:\Users\MBRPLUS\.m2\repository\org\springframework\spring-web\5.3.19\spring-web-5.3.19.jar;C:\Users\MBRPLUS\.m2\repository\org\springframework\spring-webmvc\5.3.19\spring-webmvc-5.3.19.jar;C:\Users\MBRPLUS\.m2\repository\org\springframework\data\spring-data-rest-webmvc\3.6.4\spring-data-rest-webmvc-3.6.4.jar;C:\Users\MBRPLUS\.m2\repository\org\springframework\data\spring-data-rest-core\3.6.4\spring-data-rest-core-3.6.4.jar;C:\Users\MBRPLUS\.m2\repository\org\springframework\hateoas\spring-hateoas\1.4.2\spring-hateoas-1.4.2.jar;C:\Users\MBRPLUS\.m2\repository\org\springframework\plugin\spring-plugin-core\2.0.0.RELEASE\spring-plugin-core-2.0.0.RELEASE.jar;C:\Users\MBRPLUS\.m2\repository\org\atteo\evo-inflector\1.3\evo-inflector-1.3.jar;C:\Users\MBRPLUS\.m2\repository\com\fasterxml\jackson\core\jackson-databind\2.13.2.1\jackson-databind-2.13.2.1.jar;C:\Users\MBRPLUS\.m2\repository\com\fasterxml\jackson\core\jackson-core\2.13.2\jackson-core-2.13.2.jar;C:\Users\MBRPLUS\.m2\repository\com\fasterxml\jackson\core\jackson-annotations\2.13.2\jackson-annotations-2.13.2.jar;C:\Users\MBRPLUS\.m2\repository\mysql\mysql-connector-java\8.0.28\mysql-connector-java-8.0.28.jar;C:\Users\MBRPLUS\.m2\repository\org\projectlombok\lombok\1.18.24\lombok-1.18.24.jar;C:\Users\MBRPLUS\.m2\repository\org\springframework\boot\spring-boot-starter\2.6.7\spring-boot-starter-2.6.7.jar;C:\Users\MBRPLUS\.m2\repository\org\springframework\boot\spring-boot\2.6.7\spring-boot-2.6.7.jar;C:\Users\MBRPLUS\.m2\repository\org\springframework\boot\spring-boot-autoconfigure\2.6.7\spring-boot-autoconfigure-2.6.7.jar;C:\Users\MBRPLUS\.m2\repository\org\springframework\boot\spring-boot-starter-logging\2.6.7\spring-boot-starter-logging-2.6.7.jar;C:\Users\MBRPLUS\.m2\repository\ch\qos\logback\logback-classic\1.2.11\logback-classic-1.2.11.jar;C:\Users\MBRPLUS\.m2\repository\ch\qos\logback\logback-core\1.2.11\logback-core-1.2.11.jar;C:\Users\MBRPLUS\.m2\repository\org\apache\logging\log4j\log4j-to-slf4j\2.17.2\log4j-to-slf4j-2.17.2.jar;C:\Users\MBRPLUS\.m2\repository\org\apache\logging\log4j\log4j-api\2.17.2\log4j-api-2.17.2.jar;C:\Users\MBRPLUS\.m2\repository\org\slf4j\jul-to-slf4j\1.7.36\jul-to-slf4j-1.7.36.jar;C:\Users\MBRPLUS\.m2\repository\jakarta\annotation\jakarta.annotation-api\1.3.5\jakarta.annotation-api-1.3.5.jar;C:\Users\MBRPLUS\.m2\repository\org\yaml\snakeyaml\1.29\snakeyaml-1.29.jar;C:\Users\MBRPLUS\.m2\repository\com\jayway\jsonpath\json-path\2.6.0\json-path-2.6.0.jar;C:\Users\MBRPLUS\.m2\repository\net\minidev\json-smart\2.4.8\json-smart-2.4.8.jar;C:\Users\MBRPLUS\.m2\repository\net\minidev\accessors-smart\2.4.8\accessors-smart-2.4.8.jar;C:\Users\MBRPLUS\.m2\repository\org\ow2\asm\asm\9.1\asm-9.1.jar;C:\Users\MBRPLUS\.m2\repository\jakarta\xml\bind\jakarta.xml.bind-api\2.3.3\jakarta.xml.bind-api-2.3.3.jar;C:\Users\MBRPLUS\.m2\repository\jakarta\activation\jakarta.activation-api\1.2.2\jakarta.activation-api-1.2.2.jar;C:\Users\MBRPLUS\.m2\repository\org\springframework\spring-core\5.3.19\spring-core-5.3.19.jar;C:\Users\MBRPLUS\.m2\repository\org\springframework\spring-jcl\5.3.19\spring-jcl-5.3.19.jar
Launcher Type: SUN_STANDARD

[Global flags]
     intx CICompilerCount                          = 4                                         {product} {ergonomic}
     uint ConcGCThreads                            = 2                                         {product} {ergonomic}
     uint G1ConcRefinementThreads                  = 8                                         {product} {ergonomic}
   size_t G1HeapRegionSize                         = 1048576                                   {product} {ergonomic}
    uintx GCDrainStackTargetSize                   = 64                                        {product} {ergonomic}
   size_t InitialHeapSize                          = 100663296                                 {product} {ergonomic}
     bool ManagementServer                         = true                                      {product} {command line}
   size_t MarkStackSize                            = 4194304                                   {product} {ergonomic}
   size_t MaxHeapSize                              = 1579155456                                {product} {ergonomic}
   size_t MaxNewSize                               = 946864128                                 {product} {ergonomic}
   size_t MinHeapDeltaBytes                        = 1048576                                   {product} {ergonomic}
   size_t MinHeapSize                              = 8388608                                   {product} {ergonomic}
    uintx NonProfiledCodeHeapSize                  = 0                                      {pd product} {ergonomic}
     bool ProfileInterpreter                       = false                                  {pd product} {command line}
    uintx ProfiledCodeHeapSize                     = 0                                      {pd product} {ergonomic}
   size_t SoftMaxHeapSize                          = 1579155456                             {manageable} {ergonomic}
     intx TieredStopAtLevel                        = 1                                         {product} {command line}
     bool UseCompressedClassPointers               = true                           {product lp64_product} {ergonomic}
     bool UseCompressedOops                        = true                           {product lp64_product} {ergonomic}
     bool UseG1GC                                  = true                                      {product} {ergonomic}
     bool UseLargePagesIndividualAllocation        = false                                  {pd product} {ergonomic}

Logging:
Log output configuration:
 #0: stdout all=warning uptime,level,tags foldmultilines=false
 #1: stderr all=off uptime,level,tags foldmultilines=false

Environment Variables:
PATH=C:\Program Files\Common Files\Oracle\Java\javapath;C:\Windows\system32;C:\Windows;C:\Windows\System32\Wbem;C:\Windows\System32\WindowsPowerShell\v1.0\;C:\Windows\System32\OpenSSH\;E:\Apps\Git\cmd;E:\Apps\Git\mingw64\bin;E:\Apps\Git\usr\bin;C:\Program Files\Java\jdk-18\bin;E:\Apps\Xampp\php;C:\Program Files\dotnet\;E:\Apps\;C:\ProgramData\chocolatey\bin;C:\Program Files\Microsoft SQL Server\Client SDK\ODBC\170\Tools\Binn\;E:\Apps\Xampp\mysql\bin;C:\Program Files\Microsoft SQL Server\150\Tools\Binn\;C:\Users\MBRPLUS\AppData\Local\Microsoft\WindowsApps;C:\Users\MBRPLUS\AppData\Local\GitHubDesktop\bin;E:\Apps\Microsoft VS Code\bin;C:\Users\MBRPLUS\.dotnet\tools;C:\Users\MBRPLUS\AppData\Roaming\npm
USERNAME=MBRPLUS
OS=Windows_NT
PROCESSOR_IDENTIFIER=AMD64 Family 23 Model 24 Stepping 1, AuthenticAMD



---------------  S Y S T E M  ---------------

OS:
 Windows 10 , 64 bit Build 19041 (10.0.19041.1645)
OS uptime: 0 days 9:18 hours

CPU: total 8 (initial active 8) (8 cores per cpu, 2 threads per core) family 23 model 24 stepping 1 microcode 0x0, cx8, cmov, fxsr, ht, mmx, 3dnowpref, sse, sse2, sse3, ssse3, sse4a, sse4.1, sse4.2, popcnt, lzcnt, tsc, tscinvbit, avx, avx2, aes, clmul, bmi1, bmi2, adx, sha, fma, vzeroupper, clflush, clflushopt

Memory: 4k page, system-wide physical 6017M (361M free)
TotalPageFile size 12095M (AvailPageFile size 26M)
current process WorkingSet (physical memory assigned to process): 161M, peak: 161M
current process commit charge ("private bytes"): 212M, peak: 238M

vm_info: OpenJDK 64-Bit Server VM (18+36-2087) for windows-amd64 JRE (18+36-2087), built on Feb 15 2022 09:37:35 by "mach5one" with MS VC++ 16.8 / 16.9 (VS2019)

END.
